1
got 1
2
got 2
3
got 3
244
got 244
5
got 5
6
got 6

























1
got 1
2
got 2
3
got 3
4
got 4
5
got 5
6
got 6
7
got 7
8
got 8
9
got 9
10
got 10
11
got 11
12
got 12
13
got 13
14
got 14
15
got 15
16
got 16
17
got 17
18
got 18
19
got 19
20
got 20
21
got 21
22
got 22
23
got 23
24
got 24
25
got 25
1
got 1
2
got 2
3
got 3
4
got 4
5
got 5
1
got 1
2
got 2
3
4
got 4
5
1
got 1
2
got 2
3
got 3
4
got 4
5
got 5
1
got 1
2
3
got 3
4
got 4
5
got 5
1
got 1
2
got 2
3
got 3
4
got 4
5
got 5
1
got 1
2
got 2
3
got 3
4
got 4
5
got 5
1
got 1
2
got 2
3
got 3
4
got 4
5
got 5
